  [1m[35m (3678.6ms)[0m  [1m[35mCREATE DATABASE "app_development" ENCODING = 'unicode'[0m
  â†³ bin/rails:9
  [1m[35m (2787.0ms)[0m  [1m[35mCREATE DATABASE "app_test" ENCODING = 'unicode'[0m
  â†³ bin/rails:9
  [1m[35m (118.3ms)[0m  [1m[35mCREATE TABLE "schema_migrations" ("version" character varying NOT NULL PRIMARY KEY)[0m
  â†³ bin/rails:9
  [1m[35m (31.0ms)[0m  [1m[35mCREATE TABLE "ar_internal_metadata" ("key" character varying NOT NULL PRIMARY KEY, "value" character varying, "created_at" timestamp NOT NULL, "updated_at" timestamp NOT NULL)[0m
  â†³ bin/rails:9
  [1m[35m (0.4ms)[0m  [1m[34mSELECT pg_try_advisory_lock(5277929974492897470)[0m
  â†³ bin/rails:9
  [1m[35m (3.4ms)[0m  [1m[34mSELECT "schema_migrations"."version" FROM "schema_migrations" ORDER BY "schema_migrations"."version" ASC[0m
  â†³ bin/rails:9
Migrating to CreateUsers (20200728043845)
  [1m[35m (0.4ms)[0m  [1m[35mBEGIN[0m
  â†³ bin/rails:9
  [1m[35m (55.4ms)[0m  [1m[35mCREATE TABLE "users" ("id" bigserial primary key, "name" character varying, "created_at" timestamp NOT NULL, "updated_at" timestamp NOT NULL)[0m
  â†³ db/migrate/20200728043845_create_users.rb:3
  [1m[36mActiveRecord::SchemaMigration Create (5.3ms)[0m  [1m[32mINSERT INTO "schema_migrations" ("version") VALUES ($1) RETURNING "version"[0m  [["version", "20200728043845"]]
  â†³ bin/rails:9
  [1m[35m (1.4ms)[0m  [1m[35mCOMMIT[0m
  â†³ bin/rails:9
  [1m[36mActiveRecord::InternalMetadata Load (6.2ms)[0m  [1m[34mSELECT  "ar_internal_metadata".* FROM "ar_internal_metadata" WHERE "ar_internal_metadata"."key" = $1 LIMIT $2[0m  [["key", "environment"], ["LIMIT", 1]]
  â†³ bin/rails:9
  [1m[35m (0.5ms)[0m  [1m[35mBEGIN[0m
  â†³ bin/rails:9
  [1m[36mActiveRecord::InternalMetadata Create (4.5ms)[0m  [1m[32mINSERT INTO "ar_internal_metadata" ("key", "value", "created_at", "updated_at") VALUES ($1, $2, $3, $4) RETURNING "key"[0m  [["key", "environment"], ["value", "development"], ["created_at", "2020-07-28 04:44:53.200044"], ["updated_at", "2020-07-28 04:44:53.200044"]]
  â†³ bin/rails:9
  [1m[35m (0.9ms)[0m  [1m[35mCOMMIT[0m
  â†³ bin/rails:9
  [1m[35m (0.5ms)[0m  [1m[34mSELECT pg_advisory_unlock(5277929974492897470)[0m
  â†³ bin/rails:9
  [1m[35m (3.0ms)[0m  [1m[34mSELECT "schema_migrations"."version" FROM "schema_migrations" ORDER BY "schema_migrations"."version" ASC[0m
  â†³ bin/rails:9
Started POST "/users" for 172.25.0.1 at 2020-07-28 13:48:07 +0900
  [1m[35m (4.4ms)[0m  [1m[34mSELECT "schema_migrations"."version" FROM "schema_migrations" ORDER BY "schema_migrations"."version" ASC[0m
  â†³ /usr/local/bundle/gems/activerecord-5.2.4.3/lib/active_record/log_subscriber.rb:98
Processing by UsersController#create as */*
  Parameters: {"user"=>{"name"=>"test"}}
  [1m[35m (0.4ms)[0m  [1m[35mBEGIN[0m
  â†³ app/controllers/users_controller.rb:20
  [1m[36mUser Create (6.8ms)[0m  [1m[32mINSERT INTO "users" ("name", "created_at", "updated_at") VALUES ($1, $2, $3) RETURNING "id"[0m  [["name", "test"], ["created_at", "2020-07-28 04:48:08.426675"], ["updated_at", "2020-07-28 04:48:08.426675"]]
  â†³ app/controllers/users_controller.rb:20
  [1m[35m (2.1ms)[0m  [1m[35mCOMMIT[0m
  â†³ app/controllers/users_controller.rb:20
Completed 201 Created in 96ms (Views: 0.7ms | ActiveRecord: 34.4ms)


Started GET "/users/1" for 172.25.0.1 at 2020-07-28 13:48:16 +0900
Processing by UsersController#show as */*
  Parameters: {"id"=>"1"}
  [1m[36mUser Load (1.8ms)[0m  [1m[34mSELECT  "users".* FROM "users" WHERE "users"."id" = $1 LIMIT $2[0m  [["id", 1], ["LIMIT", 1]]
  â†³ app/controllers/users_controller.rb:44
Completed 200 OK in 21ms (Views: 1.4ms | ActiveRecord: 2.4ms)


Started GET "/users/1" for 172.27.0.1 at 2020-07-28 14:56:53 +0900
  [1m[35m (25.7ms)[0m  [1m[34mSELECT "schema_migrations"."version" FROM "schema_migrations" ORDER BY "schema_migrations"."version" ASC[0m
  â†³ /usr/local/bundle/gems/activerecord-5.2.4.3/lib/active_record/log_subscriber.rb:98
Processing by UsersController#show as HTML
  Parameters: {"id"=>"1"}
  [1m[36mUser Load (14.3ms)[0m  [1m[34mSELECT  "users".* FROM "users" WHERE "users"."id" = $1 LIMIT $2[0m  [["id", 1], ["LIMIT", 1]]
  â†³ app/controllers/users_controller.rb:44
Completed 200 OK in 172ms (Views: 2.4ms | ActiveRecord: 78.3ms)


Started GET "/users/1" for 172.27.0.1 at 2020-07-28 14:59:50 +0900
Processing by UsersController#show as HTML
  Parameters: {"id"=>"1"}
  [1m[36mUser Load (4.8ms)[0m  [1m[34mSELECT  "users".* FROM "users" WHERE "users"."id" = $1 LIMIT $2[0m  [["id", 1], ["LIMIT", 1]]
  â†³ app/controllers/users_controller.rb:44
Completed 200 OK in 21ms (Views: 1.1ms | ActiveRecord: 4.8ms)


Started GET "/users/1" for 172.27.0.3 at 2020-07-28 15:15:36 +0900
  [1m[35m (19.0ms)[0m  [1m[34mSELECT "schema_migrations"."version" FROM "schema_migrations" ORDER BY "schema_migrations"."version" ASC[0m
  â†³ /usr/local/bundle/gems/activerecord-5.2.4.3/lib/active_record/log_subscriber.rb:98
Processing by UsersController#show as HTML
  Parameters: {"id"=>"1"}
  [1m[36mUser Load (9.6ms)[0m  [1m[34mSELECT  "users".* FROM "users" WHERE "users"."id" = $1 LIMIT $2[0m  [["id", 1], ["LIMIT", 1]]
  â†³ app/controllers/users_controller.rb:44
Completed 200 OK in 113ms (Views: 0.7ms | ActiveRecord: 48.6ms)


Started GET "/users/1" for 172.27.0.3 at 2020-07-28 15:18:28 +0900
Processing by UsersController#show as HTML
  Parameters: {"id"=>"1"}
  [1m[36mUser Load (2.4ms)[0m  [1m[34mSELECT  "users".* FROM "users" WHERE "users"."id" = $1 LIMIT $2[0m  [["id", 1], ["LIMIT", 1]]
  â†³ app/controllers/users_controller.rb:44
Completed 200 OK in 9ms (Views: 1.4ms | ActiveRecord: 2.4ms)


Started GET "/users/1" for 172.27.0.3 at 2020-07-28 15:22:19 +0900
Processing by UsersController#show as HTML
  Parameters: {"id"=>"1"}
  [1m[36mUser Load (3.3ms)[0m  [1m[34mSELECT  "users".* FROM "users" WHERE "users"."id" = $1 LIMIT $2[0m  [["id", 1], ["LIMIT", 1]]
  â†³ app/controllers/users_controller.rb:44
Completed 200 OK in 8ms (Views: 0.3ms | ActiveRecord: 3.3ms)


Started GET "/users/1" for 172.27.0.3 at 2020-07-28 15:22:32 +0900
Processing by UsersController#show as HTML
  Parameters: {"id"=>"1"}
  [1m[36mUser Load (2.5ms)[0m  [1m[34mSELECT  "users".* FROM "users" WHERE "users"."id" = $1 LIMIT $2[0m  [["id", 1], ["LIMIT", 1]]
  â†³ app/controllers/users_controller.rb:44
Completed 200 OK in 10ms (Views: 0.8ms | ActiveRecord: 2.5ms)


Started OPTIONS "/api/users" for 172.27.0.1 at 2020-07-28 15:24:20 +0900
  
ActionController::RoutingError (No route matches [OPTIONS] "/api/users"):
  
actionpack (5.2.4.3) lib/action_dispatch/middleware/debug_exceptions.rb:65:in `call'
actionpack (5.2.4.3) lib/action_dispatch/middleware/show_exceptions.rb:33:in `call'
railties (5.2.4.3) lib/rails/rack/logger.rb:38:in `call_app'
railties (5.2.4.3) lib/rails/rack/logger.rb:26:in `block in call'
activesupport (5.2.4.3) lib/active_support/tagged_logging.rb:71:in `block in tagged'
activesupport (5.2.4.3) lib/active_support/tagged_logging.rb:28:in `tagged'
activesupport (5.2.4.3) lib/active_support/tagged_logging.rb:71:in `tagged'
railties (5.2.4.3) lib/rails/rack/logger.rb:26:in `call'
actionpack (5.2.4.3) lib/action_dispatch/middleware/remote_ip.rb:81:in `call'
actionpack (5.2.4.3) lib/action_dispatch/middleware/request_id.rb:27:in `call'
rack (2.2.3) lib/rack/runtime.rb:22:in `call'
activesupport (5.2.4.3) lib/active_support/cache/strategy/local_cache_middleware.rb:29:in `call'
actionpack (5.2.4.3) lib/action_dispatch/middleware/executor.rb:14:in `call'
actionpack (5.2.4.3) lib/action_dispatch/middleware/static.rb:127:in `call'
rack (2.2.3) lib/rack/sendfile.rb:110:in `call'
railties (5.2.4.3) lib/rails/engine.rb:524:in `call'
puma (3.12.6) lib/puma/configuration.rb:227:in `call'
puma (3.12.6) lib/puma/server.rb:706:in `handle_request'
puma (3.12.6) lib/puma/server.rb:476:in `process_client'
puma (3.12.6) lib/puma/server.rb:334:in `block in run'
puma (3.12.6) lib/puma/thread_pool.rb:135:in `block in spawn_thread'
Started POST "/users" for 172.27.0.3 at 2020-07-28 15:32:27 +0900
  [1m[35m (17.9ms)[0m  [1m[34mSELECT "schema_migrations"."version" FROM "schema_migrations" ORDER BY "schema_migrations"."version" ASC[0m
  â†³ /usr/local/bundle/gems/activerecord-5.2.4.3/lib/active_record/log_subscriber.rb:98
Processing by UsersController#create as HTML
  Parameters: {"name"=>"ã†ã‚‹ãžãƒ¼ã§ã™ï¼", "user"=>{"name"=>"ã†ã‚‹ãžãƒ¼ã§ã™ï¼"}}
  [1m[35m (0.9ms)[0m  [1m[35mBEGIN[0m
  â†³ app/controllers/users_controller.rb:20
  [1m[36mUser Create (21.7ms)[0m  [1m[32mINSERT INTO "users" ("name", "created_at", "updated_at") VALUES ($1, $2, $3) RETURNING "id"[0m  [["name", "ã†ã‚‹ãžãƒ¼ã§ã™ï¼"], ["created_at", "2020-07-28 06:32:28.785938"], ["updated_at", "2020-07-28 06:32:28.785938"]]
  â†³ app/controllers/users_controller.rb:20
  [1m[35m (5.6ms)[0m  [1m[35mCOMMIT[0m
  â†³ app/controllers/users_controller.rb:20
Completed 201 Created in 65ms (Views: 1.2ms | ActiveRecord: 72.3ms)


Started GET "/users/2" for 172.27.0.3 at 2020-07-28 15:32:41 +0900
Processing by UsersController#show as HTML
  Parameters: {"id"=>"2"}
  [1m[36mUser Load (2.9ms)[0m  [1m[34mSELECT  "users".* FROM "users" WHERE "users"."id" = $1 LIMIT $2[0m  [["id", 2], ["LIMIT", 1]]
  â†³ app/controllers/users_controller.rb:44
Completed 200 OK in 28ms (Views: 0.5ms | ActiveRecord: 3.4ms)


Started POST "/users" for 172.27.0.3 at 2020-07-28 15:33:55 +0900
Processing by UsersController#create as HTML
  Parameters: {"name"=>"ç”°ä¸­ã§ã™", "user"=>{"name"=>"ç”°ä¸­ã§ã™"}}
  [1m[35m (0.4ms)[0m  [1m[35mBEGIN[0m
  â†³ app/controllers/users_controller.rb:20
  [1m[36mUser Create (0.7ms)[0m  [1m[32mINSERT INTO "users" ("name", "created_at", "updated_at") VALUES ($1, $2, $3) RETURNING "id"[0m  [["name", "ç”°ä¸­ã§ã™"], ["created_at", "2020-07-28 06:33:55.176746"], ["updated_at", "2020-07-28 06:33:55.176746"]]
  â†³ app/controllers/users_controller.rb:20
  [1m[35m (1.2ms)[0m  [1m[35mCOMMIT[0m
  â†³ app/controllers/users_controller.rb:20
Completed 201 Created in 17ms (Views: 0.8ms | ActiveRecord: 2.3ms)


Started GET "/users/3" for 172.27.0.3 at 2020-07-28 15:57:34 +0900
Processing by UsersController#show as HTML
  Parameters: {"id"=>"3"}
  [1m[36mUser Load (8.3ms)[0m  [1m[34mSELECT  "users".* FROM "users" WHERE "users"."id" = $1 LIMIT $2[0m  [["id", 3], ["LIMIT", 1]]
  â†³ app/controllers/users_controller.rb:44
Completed 200 OK in 19ms (Views: 0.5ms | ActiveRecord: 9.2ms)


Started POST "/users" for 172.27.0.3 at 2020-07-28 15:57:55 +0900
Processing by UsersController#create as HTML
  Parameters: {"name"=>"ä½è—¤", "user"=>{"name"=>"ä½è—¤"}}
  [1m[35m (0.6ms)[0m  [1m[35mBEGIN[0m
  â†³ app/controllers/users_controller.rb:20
  [1m[36mUser Create (6.5ms)[0m  [1m[32mINSERT INTO "users" ("name", "created_at", "updated_at") VALUES ($1, $2, $3) RETURNING "id"[0m  [["name", "ä½è—¤"], ["created_at", "2020-07-28 06:57:55.216096"], ["updated_at", "2020-07-28 06:57:55.216096"]]
  â†³ app/controllers/users_controller.rb:20
  [1m[35m (5.7ms)[0m  [1m[35mCOMMIT[0m
  â†³ app/controllers/users_controller.rb:20
Completed 201 Created in 24ms (Views: 1.3ms | ActiveRecord: 12.8ms)


Started GET "/users/4" for 172.27.0.3 at 2020-07-28 16:35:32 +0900
Processing by UsersController#show as HTML
  Parameters: {"id"=>"4"}
  [1m[36mUser Load (10.2ms)[0m  [1m[34mSELECT  "users".* FROM "users" WHERE "users"."id" = $1 LIMIT $2[0m  [["id", 4], ["LIMIT", 1]]
  â†³ app/controllers/users_controller.rb:44
Completed 200 OK in 16ms (Views: 0.6ms | ActiveRecord: 10.7ms)


Started POST "/users" for 172.27.0.3 at 2020-07-28 16:35:49 +0900
Processing by UsersController#create as HTML
  Parameters: {"name"=>"ç¥ž", "user"=>{"name"=>"ç¥ž"}}
  [1m[35m (0.3ms)[0m  [1m[35mBEGIN[0m
  â†³ app/controllers/users_controller.rb:20
  [1m[36mUser Create (5.7ms)[0m  [1m[32mINSERT INTO "users" ("name", "created_at", "updated_at") VALUES ($1, $2, $3) RETURNING "id"[0m  [["name", "ç¥ž"], ["created_at", "2020-07-28 07:35:49.719350"], ["updated_at", "2020-07-28 07:35:49.719350"]]
  â†³ app/controllers/users_controller.rb:20
  [1m[35m (5.9ms)[0m  [1m[35mCOMMIT[0m
  â†³ app/controllers/users_controller.rb:20
Completed 201 Created in 24ms (Views: 1.0ms | ActiveRecord: 11.8ms)


Started GET "/users/5" for 172.27.0.2 at 2020-07-28 16:39:40 +0900
  [1m[35m (14.4ms)[0m  [1m[34mSELECT "schema_migrations"."version" FROM "schema_migrations" ORDER BY "schema_migrations"."version" ASC[0m
  â†³ /usr/local/bundle/gems/activerecord-5.2.4.3/lib/active_record/log_subscriber.rb:98
Processing by UsersController#show as HTML
  Parameters: {"id"=>"5"}
  [1m[36mUser Load (8.6ms)[0m  [1m[34mSELECT  "users".* FROM "users" WHERE "users"."id" = $1 LIMIT $2[0m  [["id", 5], ["LIMIT", 1]]
  â†³ app/controllers/users_controller.rb:44
Completed 200 OK in 123ms (Views: 0.8ms | ActiveRecord: 48.1ms)


Started GET "/users/undefined" for 172.27.0.2 at 2020-07-28 16:41:28 +0900
Processing by UsersController#show as HTML
  Parameters: {"id"=>"undefined"}
  [1m[36mUser Load (2.6ms)[0m  [1m[34mSELECT  "users".* FROM "users" WHERE "users"."id" = $1 LIMIT $2[0m  [["id", 0], ["LIMIT", 1]]
  â†³ app/controllers/users_controller.rb:44
Completed 404 Not Found in 11ms (ActiveRecord: 2.6ms)


  
ActiveRecord::RecordNotFound (Couldn't find User with 'id'=undefined):
  
app/controllers/users_controller.rb:44:in `set_user'
Started GET "/users" for 172.27.0.2 at 2020-07-28 16:47:03 +0900
Processing by UsersController#index as HTML
  [1m[36mUser Load (10.7ms)[0m  [1m[34mSELECT "users".* FROM "users"[0m
  â†³ app/controllers/users_controller.rb:8
Completed 200 OK in 21ms (Views: 9.5ms | ActiveRecord: 10.7ms)


Started GET "/uesrs" for 172.27.0.1 at 2020-07-28 16:47:23 +0900
  
ActionController::RoutingError (No route matches [GET] "/uesrs"):
  
actionpack (5.2.4.3) lib/action_dispatch/middleware/debug_exceptions.rb:65:in `call'
actionpack (5.2.4.3) lib/action_dispatch/middleware/show_exceptions.rb:33:in `call'
railties (5.2.4.3) lib/rails/rack/logger.rb:38:in `call_app'
railties (5.2.4.3) lib/rails/rack/logger.rb:26:in `block in call'
activesupport (5.2.4.3) lib/active_support/tagged_logging.rb:71:in `block in tagged'
activesupport (5.2.4.3) lib/active_support/tagged_logging.rb:28:in `tagged'
activesupport (5.2.4.3) lib/active_support/tagged_logging.rb:71:in `tagged'
railties (5.2.4.3) lib/rails/rack/logger.rb:26:in `call'
actionpack (5.2.4.3) lib/action_dispatch/middleware/remote_ip.rb:81:in `call'
actionpack (5.2.4.3) lib/action_dispatch/middleware/request_id.rb:27:in `call'
rack (2.2.3) lib/rack/runtime.rb:22:in `call'
activesupport (5.2.4.3) lib/active_support/cache/strategy/local_cache_middleware.rb:29:in `call'
actionpack (5.2.4.3) lib/action_dispatch/middleware/executor.rb:14:in `call'
actionpack (5.2.4.3) lib/action_dispatch/middleware/static.rb:127:in `call'
rack (2.2.3) lib/rack/sendfile.rb:110:in `call'
railties (5.2.4.3) lib/rails/engine.rb:524:in `call'
puma (3.12.6) lib/puma/configuration.rb:227:in `call'
puma (3.12.6) lib/puma/server.rb:706:in `handle_request'
puma (3.12.6) lib/puma/server.rb:476:in `process_client'
puma (3.12.6) lib/puma/server.rb:334:in `block in run'
puma (3.12.6) lib/puma/thread_pool.rb:135:in `block in spawn_thread'
Started GET "/users" for 172.27.0.1 at 2020-07-28 16:47:28 +0900
Processing by UsersController#index as */*
  [1m[36mUser Load (4.7ms)[0m  [1m[34mSELECT "users".* FROM "users"[0m
  â†³ app/controllers/users_controller.rb:8
Completed 200 OK in 13ms (Views: 7.4ms | ActiveRecord: 4.7ms)


Started GET "/users" for 172.27.0.2 at 2020-07-28 16:47:55 +0900
Processing by UsersController#index as HTML
  [1m[36mUser Load (3.5ms)[0m  [1m[34mSELECT "users".* FROM "users"[0m
  â†³ app/controllers/users_controller.rb:8
Completed 200 OK in 9ms (Views: 5.5ms | ActiveRecord: 3.5ms)


Started GET "/users" for 172.27.0.2 at 2020-07-28 16:53:19 +0900
Processing by UsersController#index as HTML
  [1m[36mUser Load (2.8ms)[0m  [1m[34mSELECT "users".* FROM "users"[0m
  â†³ app/controllers/users_controller.rb:8
Completed 200 OK in 9ms (Views: 5.4ms | ActiveRecord: 2.8ms)


Started GET "/users" for 172.27.0.3 at 2020-07-28 16:55:01 +0900
  [1m[35m (18.5ms)[0m  [1m[34mSELECT "schema_migrations"."version" FROM "schema_migrations" ORDER BY "schema_migrations"."version" ASC[0m
  â†³ /usr/local/bundle/gems/activerecord-5.2.4.3/lib/active_record/log_subscriber.rb:98
Processing by UsersController#index as HTML
  [1m[36mUser Load (14.8ms)[0m  [1m[34mSELECT "users".* FROM "users"[0m
  â†³ app/controllers/users_controller.rb:8
Completed 200 OK in 137ms (Views: 16.5ms | ActiveRecord: 64.9ms)


Started GET "/users/1" for 172.27.0.3 at 2020-07-28 16:55:37 +0900
Processing by UsersController#show as HTML
  Parameters: {"id"=>"1"}
  [1m[36mUser Load (2.8ms)[0m  [1m[34mSELECT  "users".* FROM "users" WHERE "users"."id" = $1 LIMIT $2[0m  [["id", 1], ["LIMIT", 1]]
  â†³ app/controllers/users_controller.rb:44
Completed 200 OK in 85ms (Views: 0.8ms | ActiveRecord: 3.8ms)


Started GET "/users/mew" for 172.27.0.3 at 2020-07-28 16:55:45 +0900
Processing by UsersController#show as HTML
  Parameters: {"id"=>"mew"}
  [1m[36mUser Load (2.8ms)[0m  [1m[34mSELECT  "users".* FROM "users" WHERE "users"."id" = $1 LIMIT $2[0m  [["id", 0], ["LIMIT", 1]]
  â†³ app/controllers/users_controller.rb:44
Completed 404 Not Found in 8ms (ActiveRecord: 2.8ms)


  
ActiveRecord::RecordNotFound (Couldn't find User with 'id'=mew):
  
app/controllers/users_controller.rb:44:in `set_user'
Started POST "/users" for 172.27.0.3 at 2020-07-28 16:55:58 +0900
Processing by UsersController#create as HTML
  Parameters: {"name"=>"uruzo", "user"=>{"name"=>"uruzo"}}
  [1m[35m (0.6ms)[0m  [1m[35mBEGIN[0m
  â†³ app/controllers/users_controller.rb:20
  [1m[36mUser Create (18.1ms)[0m  [1m[32mINSERT INTO "users" ("name", "created_at", "updated_at") VALUES ($1, $2, $3) RETURNING "id"[0m  [["name", "uruzo"], ["created_at", "2020-07-28 07:55:58.050391"], ["updated_at", "2020-07-28 07:55:58.050391"]]
  â†³ app/controllers/users_controller.rb:20
  [1m[35m (3.8ms)[0m  [1m[35mCOMMIT[0m
  â†³ app/controllers/users_controller.rb:20
Completed 201 Created in 33ms (Views: 1.1ms | ActiveRecord: 22.5ms)


Started GET "/users/6" for 172.27.0.3 at 2020-07-28 16:55:59 +0900
Processing by UsersController#show as HTML
  Parameters: {"id"=>"6"}
  [1m[36mUser Load (2.5ms)[0m  [1m[34mSELECT  "users".* FROM "users" WHERE "users"."id" = $1 LIMIT $2[0m  [["id", 6], ["LIMIT", 1]]
  â†³ app/controllers/users_controller.rb:44
Completed 200 OK in 9ms (Views: 1.2ms | ActiveRecord: 2.5ms)


Started GET "/users/6" for 172.27.0.3 at 2020-07-28 16:57:25 +0900
Processing by UsersController#show as HTML
  Parameters: {"id"=>"6"}
  [1m[36mUser Load (2.6ms)[0m  [1m[34mSELECT  "users".* FROM "users" WHERE "users"."id" = $1 LIMIT $2[0m  [["id", 6], ["LIMIT", 1]]
  â†³ app/controllers/users_controller.rb:44
Completed 200 OK in 8ms (Views: 0.5ms | ActiveRecord: 2.6ms)


Started GET "/users" for 172.27.0.3 at 2020-07-28 16:57:47 +0900
Processing by UsersController#index as HTML
  [1m[36mUser Load (2.8ms)[0m  [1m[34mSELECT "users".* FROM "users"[0m
  â†³ app/controllers/users_controller.rb:8
Completed 200 OK in 7ms (Views: 4.0ms | ActiveRecord: 2.8ms)


Started GET "/users" for 172.27.0.3 at 2020-07-28 16:58:02 +0900
Processing by UsersController#index as HTML
  [1m[36mUser Load (3.4ms)[0m  [1m[34mSELECT "users".* FROM "users"[0m
  â†³ app/controllers/users_controller.rb:8
Completed 200 OK in 9ms (Views: 4.7ms | ActiveRecord: 3.4ms)


Started GET "/users" for 172.27.0.3 at 2020-07-28 16:59:27 +0900
Processing by UsersController#index as HTML
  [1m[36mUser Load (3.3ms)[0m  [1m[34mSELECT "users".* FROM "users"[0m
  â†³ app/controllers/users_controller.rb:8
Completed 200 OK in 8ms (Views: 4.5ms | ActiveRecord: 3.3ms)


Started GET "/users" for 172.27.0.3 at 2020-07-28 16:59:38 +0900
Processing by UsersController#index as HTML
  [1m[36mUser Load (5.0ms)[0m  [1m[34mSELECT "users".* FROM "users"[0m
  â†³ app/controllers/users_controller.rb:8
Completed 200 OK in 12ms (Views: 6.5ms | ActiveRecord: 5.0ms)


Started GET "/users" for 172.27.0.3 at 2020-07-28 16:59:43 +0900
Processing by UsersController#index as HTML
  [1m[36mUser Load (3.0ms)[0m  [1m[34mSELECT "users".* FROM "users"[0m
  â†³ app/controllers/users_controller.rb:8
Completed 200 OK in 8ms (Views: 4.3ms | ActiveRecord: 3.0ms)


Started GET "/users/2" for 172.27.0.3 at 2020-07-28 16:59:45 +0900
Processing by UsersController#show as HTML
  Parameters: {"id"=>"2"}
  [1m[36mUser Load (3.6ms)[0m  [1m[34mSELECT  "users".* FROM "users" WHERE "users"."id" = $1 LIMIT $2[0m  [["id", 2], ["LIMIT", 1]]
  â†³ app/controllers/users_controller.rb:44
Completed 200 OK in 9ms (Views: 0.6ms | ActiveRecord: 3.6ms)


Started GET "/users/2" for 172.27.0.3 at 2020-07-28 17:00:50 +0900
Processing by UsersController#show as HTML
  Parameters: {"id"=>"2"}
  [1m[36mUser Load (2.7ms)[0m  [1m[34mSELECT  "users".* FROM "users" WHERE "users"."id" = $1 LIMIT $2[0m  [["id", 2], ["LIMIT", 1]]
  â†³ app/controllers/users_controller.rb:44
Completed 200 OK in 12ms (Views: 1.4ms | ActiveRecord: 2.7ms)


Started GET "/users" for 172.27.0.3 at 2020-07-28 17:00:52 +0900
Processing by UsersController#index as HTML
  [1m[36mUser Load (2.9ms)[0m  [1m[34mSELECT "users".* FROM "users"[0m
  â†³ app/controllers/users_controller.rb:8
Completed 200 OK in 7ms (Views: 3.9ms | ActiveRecord: 2.9ms)


Started GET "/users" for 172.27.0.3 at 2020-07-28 17:01:07 +0900
Processing by UsersController#index as HTML
  [1m[36mUser Load (2.8ms)[0m  [1m[34mSELECT "users".* FROM "users"[0m
  â†³ app/controllers/users_controller.rb:8
Completed 200 OK in 8ms (Views: 4.9ms | ActiveRecord: 2.8ms)


Started POST "/users" for 172.27.0.3 at 2020-07-28 17:01:34 +0900
Processing by UsersController#create as HTML
  Parameters: {"name"=>"\bHello User", "user"=>{"name"=>"\bHello User"}}
  [1m[35m (0.7ms)[0m  [1m[35mBEGIN[0m
  â†³ app/controllers/users_controller.rb:20
  [1m[36mUser Create (1.4ms)[0m  [1m[32mINSERT INTO "users" ("name", "created_at", "updated_at") VALUES ($1, $2, $3) RETURNING "id"[0m  [["name", "\bHello User"], ["created_at", "2020-07-28 08:01:34.447003"], ["updated_at", "2020-07-28 08:01:34.447003"]]
  â†³ app/controllers/users_controller.rb:20
  [1m[35m (2.4ms)[0m  [1m[35mCOMMIT[0m
  â†³ app/controllers/users_controller.rb:20
Completed 201 Created in 16ms (Views: 0.7ms | ActiveRecord: 4.5ms)


Started GET "/users/7" for 172.27.0.3 at 2020-07-28 17:01:35 +0900
Processing by UsersController#show as HTML
  Parameters: {"id"=>"7"}
  [1m[36mUser Load (0.7ms)[0m  [1m[34mSELECT  "users".* FROM "users" WHERE "users"."id" = $1 LIMIT $2[0m  [["id", 7], ["LIMIT", 1]]
  â†³ app/controllers/users_controller.rb:44
Completed 200 OK in 5ms (Views: 0.7ms | ActiveRecord: 0.7ms)


Started GET "/users" for 172.27.0.3 at 2020-07-28 17:01:37 +0900
Processing by UsersController#index as HTML
  [1m[36mUser Load (2.8ms)[0m  [1m[34mSELECT "users".* FROM "users"[0m
  â†³ app/controllers/users_controller.rb:8
Completed 200 OK in 8ms (Views: 4.3ms | ActiveRecord: 2.8ms)


Started GET "/users" for 172.27.0.3 at 2020-07-28 17:07:44 +0900
Processing by UsersController#index as HTML
  [1m[36mUser Load (10.5ms)[0m  [1m[34mSELECT "users".* FROM "users"[0m
  â†³ app/controllers/users_controller.rb:8
Completed 200 OK in 15ms (Views: 3.7ms | ActiveRecord: 10.5ms)


  [1m[35m (4.8ms)[0m  [1m[34mSELECT pg_try_advisory_lock(5277929974492897470)[0m
  â†³ bin/rails:9
  [1m[35m (18.9ms)[0m  [1m[34mSELECT "schema_migrations"."version" FROM "schema_migrations" ORDER BY "schema_migrations"."version" ASC[0m
  â†³ bin/rails:9
Migrating to CreateTodos (20200728080905)
  [1m[35m (0.7ms)[0m  [1m[35mBEGIN[0m
  â†³ bin/rails:9
  [1m[35m (185.3ms)[0m  [1m[35mCREATE TABLE "todos" ("id" bigserial primary key, "name" character varying, "created_at" timestamp NOT NULL, "updated_at" timestamp NOT NULL)[0m
  â†³ db/migrate/20200728080905_create_todos.rb:3
  [1m[36mActiveRecord::SchemaMigration Create (4.8ms)[0m  [1m[32mINSERT INTO "schema_migrations" ("version") VALUES ($1) RETURNING "version"[0m  [["version", "20200728080905"]]
  â†³ bin/rails:9
  [1m[35m (4.6ms)[0m  [1m[35mCOMMIT[0m
  â†³ bin/rails:9
  [1m[36mActiveRecord::InternalMetadata Load (9.5ms)[0m  [1m[34mSELECT  "ar_internal_metadata".* FROM "ar_internal_metadata" WHERE "ar_internal_metadata"."key" = $1 LIMIT $2[0m  [["key", "environment"], ["LIMIT", 1]]
  â†³ bin/rails:9
  [1m[35m (0.6ms)[0m  [1m[35mBEGIN[0m
  â†³ bin/rails:9
  [1m[35m (0.7ms)[0m  [1m[35mCOMMIT[0m
  â†³ bin/rails:9
  [1m[35m (1.2ms)[0m  [1m[34mSELECT pg_advisory_unlock(5277929974492897470)[0m
  â†³ bin/rails:9
  [1m[35m (3.5ms)[0m  [1m[34mSELECT "schema_migrations"."version" FROM "schema_migrations" ORDER BY "schema_migrations"."version" ASC[0m
  â†³ bin/rails:9
Started GET "/todos" for 172.27.0.3 at 2020-07-28 17:21:05 +0900
  [1m[35m (7.8ms)[0m  [1m[34mSELECT "schema_migrations"."version" FROM "schema_migrations" ORDER BY "schema_migrations"."version" ASC[0m
  â†³ /usr/local/bundle/gems/activerecord-5.2.4.3/lib/active_record/log_subscriber.rb:98
Processing by TodosController#index as HTML
  [1m[36mTodo Load (10.7ms)[0m  [1m[34mSELECT "todos".* FROM "todos"[0m
  â†³ app/controllers/todos_controller.rb:8
Completed 200 OK in 103ms (Views: 3.0ms | ActiveRecord: 56.4ms)


Started GET "/todos" for 172.27.0.3 at 2020-07-28 17:21:41 +0900
Processing by TodosController#index as HTML
  [1m[36mTodo Load (3.8ms)[0m  [1m[34mSELECT "todos".* FROM "todos"[0m
  â†³ app/controllers/todos_controller.rb:8
Completed 200 OK in 8ms (Views: 3.9ms | ActiveRecord: 3.8ms)


Started GET "/todos" for 172.27.0.3 at 2020-07-28 17:24:24 +0900
Processing by TodosController#index as HTML
  [1m[36mTodo Load (2.7ms)[0m  [1m[34mSELECT "todos".* FROM "todos"[0m
  â†³ app/controllers/todos_controller.rb:8
Completed 200 OK in 6ms (Views: 2.7ms | ActiveRecord: 2.7ms)


Started GET "/todos" for 172.27.0.3 at 2020-07-28 17:24:49 +0900
Processing by TodosController#index as HTML
  [1m[36mTodo Load (8.9ms)[0m  [1m[34mSELECT "todos".* FROM "todos"[0m
  â†³ app/controllers/todos_controller.rb:8
Completed 200 OK in 14ms (Views: 4.5ms | ActiveRecord: 8.9ms)


Started GET "/todos" for 172.27.0.3 at 2020-07-28 17:28:46 +0900
Processing by TodosController#index as HTML
  [1m[36mTodo Load (5.0ms)[0m  [1m[34mSELECT "todos".* FROM "todos"[0m
  â†³ app/controllers/todos_controller.rb:8
Completed 200 OK in 10ms (Views: 4.5ms | ActiveRecord: 5.0ms)


Started GET "/todos" for 172.27.0.3 at 2020-07-28 17:30:10 +0900
Processing by TodosController#index as HTML
  [1m[36mTodo Load (3.9ms)[0m  [1m[34mSELECT "todos".* FROM "todos"[0m
  â†³ app/controllers/todos_controller.rb:8
Completed 200 OK in 9ms (Views: 5.1ms | ActiveRecord: 3.9ms)


Started GET "/todos" for 172.27.0.3 at 2020-07-28 17:30:13 +0900
Processing by TodosController#index as HTML
  [1m[36mTodo Load (9.3ms)[0m  [1m[34mSELECT "todos".* FROM "todos"[0m
  â†³ app/controllers/todos_controller.rb:8
Completed 200 OK in 14ms (Views: 4.0ms | ActiveRecord: 9.3ms)


Started GET "/todos" for 172.27.0.3 at 2020-07-28 17:32:23 +0900
Processing by TodosController#index as HTML
  [1m[36mTodo Load (6.4ms)[0m  [1m[34mSELECT "todos".* FROM "todos"[0m
  â†³ app/controllers/todos_controller.rb:8
Completed 200 OK in 12ms (Views: 5.2ms | ActiveRecord: 6.4ms)


Started GET "/todos" for 172.27.0.3 at 2020-07-28 17:33:17 +0900
Processing by TodosController#index as HTML
  [1m[36mTodo Load (2.6ms)[0m  [1m[34mSELECT "todos".* FROM "todos"[0m
  â†³ app/controllers/todos_controller.rb:8
Completed 200 OK in 6ms (Views: 2.7ms | ActiveRecord: 2.6ms)


Started GET "/todos" for 172.27.0.3 at 2020-07-28 17:33:37 +0900
Processing by TodosController#index as HTML
  [1m[36mTodo Load (3.2ms)[0m  [1m[34mSELECT "todos".* FROM "todos"[0m
  â†³ app/controllers/todos_controller.rb:8
Completed 200 OK in 8ms (Views: 4.0ms | ActiveRecord: 3.2ms)


Started GET "/todos" for 172.27.0.3 at 2020-07-28 17:35:23 +0900
Processing by TodosController#index as HTML
  [1m[36mTodo Load (3.5ms)[0m  [1m[34mSELECT "todos".* FROM "todos"[0m
  â†³ app/controllers/todos_controller.rb:8
Completed 200 OK in 6ms (Views: 2.4ms | ActiveRecord: 3.5ms)


Started POST "/todos" for 172.27.0.3 at 2020-07-28 17:35:30 +0900
Processing by TodosController#create as HTML
  Parameters: {"name"=>"", "todo"=>{"name"=>""}}
  [1m[35m (0.8ms)[0m  [1m[35mBEGIN[0m
  â†³ app/controllers/todos_controller.rb:20
  [1m[36mTodo Create (10.1ms)[0m  [1m[32mINSERT INTO "todos" ("name", "created_at", "updated_at") VALUES ($1, $2, $3) RETURNING "id"[0m  [["name", ""], ["created_at", "2020-07-28 08:35:30.356797"], ["updated_at", "2020-07-28 08:35:30.356797"]]
  â†³ app/controllers/todos_controller.rb:20
  [1m[35m (5.7ms)[0m  [1m[35mCOMMIT[0m
  â†³ app/controllers/todos_controller.rb:20
Completed 201 Created in 54ms (Views: 0.9ms | ActiveRecord: 47.9ms)


Started GET "/todos" for 172.27.0.3 at 2020-07-28 17:36:34 +0900
Processing by TodosController#index as HTML
  [1m[36mTodo Load (4.8ms)[0m  [1m[34mSELECT "todos".* FROM "todos"[0m
  â†³ app/controllers/todos_controller.rb:8
Completed 200 OK in 9ms (Views: 4.3ms | ActiveRecord: 4.8ms)


Started POST "/todos" for 172.27.0.3 at 2020-07-28 17:37:03 +0900
Processing by TodosController#create as HTML
  Parameters: {"name"=>"", "todo"=>{"name"=>""}}
  [1m[35m (0.6ms)[0m  [1m[35mBEGIN[0m
  â†³ app/controllers/todos_controller.rb:20
  [1m[36mTodo Create (1.0ms)[0m  [1m[32mINSERT INTO "todos" ("name", "created_at", "updated_at") VALUES ($1, $2, $3) RETURNING "id"[0m  [["name", ""], ["created_at", "2020-07-28 08:37:03.186655"], ["updated_at", "2020-07-28 08:37:03.186655"]]
  â†³ app/controllers/todos_controller.rb:20
  [1m[35m (1.7ms)[0m  [1m[35mCOMMIT[0m
  â†³ app/controllers/todos_controller.rb:20
Completed 201 Created in 15ms (Views: 0.9ms | ActiveRecord: 3.4ms)


Started GET "/todos" for 172.27.0.3 at 2020-07-28 17:37:59 +0900
Processing by TodosController#index as HTML
  [1m[36mTodo Load (4.7ms)[0m  [1m[34mSELECT "todos".* FROM "todos"[0m
  â†³ app/controllers/todos_controller.rb:8
Completed 200 OK in 12ms (Views: 6.1ms | ActiveRecord: 4.7ms)


Started POST "/todos" for 172.27.0.3 at 2020-07-28 17:38:11 +0900
Processing by TodosController#create as HTML
  Parameters: {"name"=>"ã“ã‚Œã§ã©ã†ã ï¼", "todo"=>{"name"=>"ã“ã‚Œã§ã©ã†ã ï¼"}}
  [1m[35m (0.6ms)[0m  [1m[35mBEGIN[0m
  â†³ app/controllers/todos_controller.rb:20
  [1m[36mTodo Create (1.5ms)[0m  [1m[32mINSERT INTO "todos" ("name", "created_at", "updated_at") VALUES ($1, $2, $3) RETURNING "id"[0m  [["name", "ã“ã‚Œã§ã©ã†ã ï¼"], ["created_at", "2020-07-28 08:38:12.008993"], ["updated_at", "2020-07-28 08:38:12.008993"]]
  â†³ app/controllers/todos_controller.rb:20
  [1m[35m (1.7ms)[0m  [1m[35mCOMMIT[0m
  â†³ app/controllers/todos_controller.rb:20
Completed 201 Created in 15ms (Views: 0.6ms | ActiveRecord: 3.8ms)


Started GET "/todos" for 172.27.0.3 at 2020-07-28 17:38:45 +0900
Processing by TodosController#index as HTML
  [1m[36mTodo Load (3.8ms)[0m  [1m[34mSELECT "todos".* FROM "todos"[0m
  â†³ app/controllers/todos_controller.rb:8
Completed 200 OK in 11ms (Views: 6.7ms | ActiveRecord: 3.8ms)


Started GET "/todos" for 172.27.0.3 at 2020-07-28 17:38:50 +0900
Processing by TodosController#index as HTML
  [1m[36mTodo Load (3.5ms)[0m  [1m[34mSELECT "todos".* FROM "todos"[0m
  â†³ app/controllers/todos_controller.rb:8
Completed 200 OK in 9ms (Views: 4.3ms | ActiveRecord: 3.5ms)


Started POST "/todos" for 172.27.0.3 at 2020-07-28 17:38:58 +0900
Processing by TodosController#create as HTML
  Parameters: {"name"=>"ã‚¢ãƒƒãƒ—ãƒ‡ãƒ¼ãƒˆï¼", "todo"=>{"name"=>"ã‚¢ãƒƒãƒ—ãƒ‡ãƒ¼ãƒˆï¼"}}
  [1m[35m (0.9ms)[0m  [1m[35mBEGIN[0m
  â†³ app/controllers/todos_controller.rb:20
  [1m[36mTodo Create (1.0ms)[0m  [1m[32mINSERT INTO "todos" ("name", "created_at", "updated_at") VALUES ($1, $2, $3) RETURNING "id"[0m  [["name", "ã‚¢ãƒƒãƒ—ãƒ‡ãƒ¼ãƒˆï¼"], ["created_at", "2020-07-28 08:38:58.874675"], ["updated_at", "2020-07-28 08:38:58.874675"]]
  â†³ app/controllers/todos_controller.rb:20
  [1m[35m (1.5ms)[0m  [1m[35mCOMMIT[0m
  â†³ app/controllers/todos_controller.rb:20
Completed 201 Created in 21ms (Views: 1.0ms | ActiveRecord: 3.4ms)


Started GET "/todos" for 172.27.0.3 at 2020-07-28 17:38:59 +0900
Processing by TodosController#index as HTML
  [1m[36mTodo Load (3.5ms)[0m  [1m[34mSELECT "todos".* FROM "todos"[0m
  â†³ app/controllers/todos_controller.rb:8
Completed 200 OK in 8ms (Views: 3.9ms | ActiveRecord: 3.5ms)


  [1m[35m (12.6ms)[0m  [1m[34mSELECT COUNT(*) FROM "todos"[0m
  [1m[36mTodo Load (3.3ms)[0m  [1m[34mSELECT  "todos".* FROM "todos" LIMIT $1[0m  [["LIMIT", 11]]
  [1m[36mTodo Load (2.9ms)[0m  [1m[34mSELECT  "todos".* FROM "todos" ORDER BY "todos"."id" ASC LIMIT $1[0m  [["LIMIT", 1]]
  [1m[36mTodo Load (3.7ms)[0m  [1m[34mSELECT  "todos".* FROM "todos" ORDER BY "todos"."id" ASC LIMIT $1[0m  [["LIMIT", 1]]
  [1m[35m (0.5ms)[0m  [1m[35mBEGIN[0m
  [1m[36mTodo Destroy (2.4ms)[0m  [1m[31mDELETE FROM "todos" WHERE "todos"."id" = $1[0m  [["id", 1]]
  [1m[35m (4.7ms)[0m  [1m[35mCOMMIT[0m
  [1m[36mTodo Load (2.7ms)[0m  [1m[34mSELECT  "todos".* FROM "todos" ORDER BY "todos"."id" ASC LIMIT $1[0m  [["LIMIT", 1]]
  [1m[35m (0.5ms)[0m  [1m[35mBEGIN[0m
  [1m[36mTodo Destroy (2.0ms)[0m  [1m[31mDELETE FROM "todos" WHERE "todos"."id" = $1[0m  [["id", 2]]
  [1m[35m (1.7ms)[0m  [1m[35mCOMMIT[0m
Started GET "/todos" for 172.27.0.3 at 2020-07-28 17:41:49 +0900
Processing by TodosController#index as HTML
  [1m[36mTodo Load (3.3ms)[0m  [1m[34mSELECT "todos".* FROM "todos"[0m
  â†³ app/controllers/todos_controller.rb:8
Completed 200 OK in 8ms (Views: 4.1ms | ActiveRecord: 3.3ms)


Started GET "/todos" for 172.27.0.3 at 2020-07-28 17:42:48 +0900
Processing by TodosController#index as HTML
  [1m[36mTodo Load (3.0ms)[0m  [1m[34mSELECT "todos".* FROM "todos"[0m
  â†³ app/controllers/todos_controller.rb:8
Completed 200 OK in 8ms (Views: 5.0ms | ActiveRecord: 3.0ms)


Started POST "/todos" for 172.27.0.3 at 2020-07-28 17:43:36 +0900
Processing by TodosController#create as HTML
  Parameters: {"name"=>"ã‚¿ã‚¹ã‚¯ã§ã™ï¼", "todo"=>{"name"=>"ã‚¿ã‚¹ã‚¯ã§ã™ï¼"}}
  [1m[35m (0.5ms)[0m  [1m[35mBEGIN[0m
  â†³ app/controllers/todos_controller.rb:20
  [1m[36mTodo Create (1.1ms)[0m  [1m[32mINSERT INTO "todos" ("name", "created_at", "updated_at") VALUES ($1, $2, $3) RETURNING "id"[0m  [["name", "ã‚¿ã‚¹ã‚¯ã§ã™ï¼"], ["created_at", "2020-07-28 08:43:36.333566"], ["updated_at", "2020-07-28 08:43:36.333566"]]
  â†³ app/controllers/todos_controller.rb:20
  [1m[35m (2.2ms)[0m  [1m[35mCOMMIT[0m
  â†³ app/controllers/todos_controller.rb:20
Completed 201 Created in 18ms (Views: 1.0ms | ActiveRecord: 3.8ms)


Started GET "/todos" for 172.27.0.3 at 2020-07-28 17:43:36 +0900
Processing by TodosController#index as HTML
  [1m[36mTodo Load (2.7ms)[0m  [1m[34mSELECT "todos".* FROM "todos"[0m
  â†³ app/controllers/todos_controller.rb:8
Completed 200 OK in 7ms (Views: 3.5ms | ActiveRecord: 2.7ms)


Started POST "/todos" for 172.27.0.3 at 2020-07-28 17:43:44 +0900
Processing by TodosController#create as HTML
  Parameters: {"name"=>"è¿½åŠ ã§ã™ï¼", "todo"=>{"name"=>"è¿½åŠ ã§ã™ï¼"}}
  [1m[35m (0.8ms)[0m  [1m[35mBEGIN[0m
  â†³ app/controllers/todos_controller.rb:20
  [1m[36mTodo Create (1.8ms)[0m  [1m[32mINSERT INTO "todos" ("name", "created_at", "updated_at") VALUES ($1, $2, $3) RETURNING "id"[0m  [["name", "è¿½åŠ ã§ã™ï¼"], ["created_at", "2020-07-28 08:43:44.113480"], ["updated_at", "2020-07-28 08:43:44.113480"]]
  â†³ app/controllers/todos_controller.rb:20
  [1m[35m (2.0ms)[0m  [1m[35mCOMMIT[0m
  â†³ app/controllers/todos_controller.rb:20
Completed 201 Created in 21ms (Views: 1.1ms | ActiveRecord: 4.6ms)


Started GET "/todos" for 172.27.0.3 at 2020-07-28 17:43:44 +0900
Processing by TodosController#index as HTML
  [1m[36mTodo Load (2.5ms)[0m  [1m[34mSELECT "todos".* FROM "todos"[0m
  â†³ app/controllers/todos_controller.rb:8
Completed 200 OK in 8ms (Views: 4.8ms | ActiveRecord: 2.5ms)


Started POST "/todos" for 172.27.0.3 at 2020-07-28 17:43:49 +0900
Processing by TodosController#create as HTML
  Parameters: {"name"=>"ãµãµãµ", "todo"=>{"name"=>"ãµãµãµ"}}
  [1m[35m (0.6ms)[0m  [1m[35mBEGIN[0m
  â†³ app/controllers/todos_controller.rb:20
  [1m[36mTodo Create (1.1ms)[0m  [1m[32mINSERT INTO "todos" ("name", "created_at", "updated_at") VALUES ($1, $2, $3) RETURNING "id"[0m  [["name", "ãµãµãµ"], ["created_at", "2020-07-28 08:43:49.972937"], ["updated_at", "2020-07-28 08:43:49.972937"]]
  â†³ app/controllers/todos_controller.rb:20
  [1m[35m (1.5ms)[0m  [1m[35mCOMMIT[0m
  â†³ app/controllers/todos_controller.rb:20
Completed 201 Created in 12ms (Views: 0.7ms | ActiveRecord: 3.1ms)


Started GET "/todos" for 172.27.0.3 at 2020-07-28 17:43:50 +0900
Processing by TodosController#index as HTML
  [1m[36mTodo Load (3.1ms)[0m  [1m[34mSELECT "todos".* FROM "todos"[0m
  â†³ app/controllers/todos_controller.rb:8
Completed 200 OK in 9ms (Views: 5.0ms | ActiveRecord: 3.1ms)


Started GET "/todos" for 172.27.0.3 at 2020-07-28 17:44:22 +0900
Processing by TodosController#index as HTML
  [1m[36mTodo Load (3.5ms)[0m  [1m[34mSELECT "todos".* FROM "todos"[0m
  â†³ app/controllers/todos_controller.rb:8
Completed 200 OK in 9ms (Views: 4.6ms | ActiveRecord: 3.5ms)


Started GET "/todos" for 172.27.0.3 at 2020-07-28 17:45:59 +0900
Processing by TodosController#index as HTML
  [1m[36mTodo Load (2.9ms)[0m  [1m[34mSELECT "todos".* FROM "todos"[0m
  â†³ app/controllers/todos_controller.rb:8
Completed 200 OK in 7ms (Views: 3.6ms | ActiveRecord: 2.9ms)


Started GET "/todos" for 172.27.0.3 at 2020-07-28 17:46:23 +0900
Processing by TodosController#index as HTML
  [1m[36mTodo Load (5.5ms)[0m  [1m[34mSELECT "todos".* FROM "todos"[0m
  â†³ app/controllers/todos_controller.rb:8
Completed 200 OK in 12ms (Views: 6.0ms | ActiveRecord: 5.5ms)


Started GET "/todos" for 172.27.0.3 at 2020-07-28 17:46:36 +0900
Processing by TodosController#index as HTML
  [1m[36mTodo Load (4.0ms)[0m  [1m[34mSELECT "todos".* FROM "todos"[0m
  â†³ app/controllers/todos_controller.rb:8
Completed 200 OK in 8ms (Views: 3.6ms | ActiveRecord: 4.0ms)


Started GET "/todos" for 172.27.0.3 at 2020-07-28 17:47:49 +0900
Processing by TodosController#index as HTML
  [1m[36mTodo Load (3.2ms)[0m  [1m[34mSELECT "todos".* FROM "todos"[0m
  â†³ app/controllers/todos_controller.rb:8
Completed 200 OK in 6ms (Views: 2.7ms | ActiveRecord: 3.2ms)


Started GET "/todos" for 172.27.0.3 at 2020-07-28 17:52:55 +0900
Processing by TodosController#index as HTML
  [1m[36mTodo Load (4.4ms)[0m  [1m[34mSELECT "todos".* FROM "todos"[0m
  â†³ app/controllers/todos_controller.rb:8
Completed 200 OK in 10ms (Views: 4.6ms | ActiveRecord: 4.4ms)


Started GET "/todos" for 172.27.0.3 at 2020-07-28 17:53:30 +0900
Processing by TodosController#index as HTML
  [1m[36mTodo Load (2.6ms)[0m  [1m[34mSELECT "todos".* FROM "todos"[0m
  â†³ app/controllers/todos_controller.rb:8
Completed 200 OK in 9ms (Views: 6.0ms | ActiveRecord: 2.6ms)


Started GET "/todos" for 172.27.0.3 at 2020-07-28 17:54:00 +0900
Processing by TodosController#index as HTML
  [1m[36mTodo Load (4.0ms)[0m  [1m[34mSELECT "todos".* FROM "todos"[0m
  â†³ app/controllers/todos_controller.rb:8
Completed 200 OK in 11ms (Views: 6.2ms | ActiveRecord: 4.0ms)


Started DELETE "/todos/5" for 172.27.0.3 at 2020-07-28 17:54:04 +0900
Processing by TodosController#destroy as HTML
  Parameters: {"id"=>"5"}
  [1m[36mTodo Load (6.0ms)[0m  [1m[34mSELECT  "todos".* FROM "todos" WHERE "todos"."id" = $1 LIMIT $2[0m  [["id", 5], ["LIMIT", 1]]
  â†³ app/controllers/todos_controller.rb:44
  [1m[35m (0.7ms)[0m  [1m[35mBEGIN[0m
  â†³ app/controllers/todos_controller.rb:38
  [1m[36mTodo Destroy (4.7ms)[0m  [1m[31mDELETE FROM "todos" WHERE "todos"."id" = $1[0m  [["id", 5]]
  â†³ app/controllers/todos_controller.rb:38
  [1m[35m (2.9ms)[0m  [1m[35mCOMMIT[0m
  â†³ app/controllers/todos_controller.rb:38
Completed 204 No Content in 37ms (ActiveRecord: 15.0ms)


Started GET "/todos" for 172.27.0.3 at 2020-07-28 17:54:05 +0900
Processing by TodosController#index as HTML
  [1m[36mTodo Load (3.2ms)[0m  [1m[34mSELECT "todos".* FROM "todos"[0m
  â†³ app/controllers/todos_controller.rb:8
Completed 200 OK in 7ms (Views: 3.6ms | ActiveRecord: 3.2ms)


Started GET "/todos" for 172.27.0.3 at 2020-07-28 17:55:15 +0900
Processing by TodosController#index as HTML
  [1m[36mTodo Load (3.4ms)[0m  [1m[34mSELECT "todos".* FROM "todos"[0m
  â†³ app/controllers/todos_controller.rb:8
Completed 200 OK in 11ms (Views: 6.7ms | ActiveRecord: 3.4ms)


Started GET "/todos" for 172.27.0.3 at 2020-07-28 17:55:20 +0900
Processing by TodosController#index as HTML
  [1m[36mTodo Load (3.0ms)[0m  [1m[34mSELECT "todos".* FROM "todos"[0m
  â†³ app/controllers/todos_controller.rb:8
Completed 200 OK in 7ms (Views: 3.4ms | ActiveRecord: 3.0ms)


Started GET "/todos" for 172.27.0.3 at 2020-07-28 17:55:28 +0900
Processing by TodosController#index as HTML
  [1m[36mTodo Load (2.9ms)[0m  [1m[34mSELECT "todos".* FROM "todos"[0m
  â†³ app/controllers/todos_controller.rb:8
Completed 200 OK in 9ms (Views: 5.2ms | ActiveRecord: 2.9ms)


